c:\users\user\source\repos\mygame\mygame\x64\debug\mygame.obj
c:\users\user\source\repos\mygame\mygame\x64\debug\main.obj
c:\users\user\source\repos\mygame\mygame\x64\debug\vc142.pdb
c:\users\user\source\repos\mygame\mygame\x64\debug\moc_mygame.obj
c:\users\user\source\repos\mygame\mygame\x64\debug\qrc_mygame.obj
c:\users\user\source\repos\mygame\x64\debug\mygame.ilk
c:\users\user\source\repos\mygame\x64\debug\mygame.exe
c:\users\user\source\repos\mygame\x64\debug\mygame.pdb
c:\users\user\source\repos\mygame\mygame\x64\debug\moc\moc_mygame.cpp
c:\users\user\source\repos\mygame\mygame\x64\debug\uic\ui_mygame.h
c:\users\user\source\repos\mygame\mygame\x64\debug\rcc\qrc_mygame.cpp
c:\users\user\source\repos\mygame\mygame\x64\debug\mygame.tlog\cl.10504.write.1.tlog
c:\users\user\source\repos\mygame\mygame\x64\debug\mygame.tlog\cl.command.1.tlog
c:\users\user\source\repos\mygame\mygame\x64\debug\mygame.tlog\cl.read.1.tlog
c:\users\user\source\repos\mygame\mygame\x64\debug\mygame.tlog\link.command.1.tlog
c:\users\user\source\repos\mygame\mygame\x64\debug\mygame.tlog\link.read.1.tlog
c:\users\user\source\repos\mygame\mygame\x64\debug\mygame.tlog\link.write.1.tlog
c:\users\user\source\repos\mygame\mygame\x64\debug\mygame.tlog\moc.read.1u.tlog
c:\users\user\source\repos\mygame\mygame\x64\debug\mygame.tlog\moc.write.1u.tlog
c:\users\user\source\repos\mygame\mygame\x64\debug\mygame.tlog\mygame.write.1u.tlog
c:\users\user\source\repos\mygame\mygame\x64\debug\mygame.tlog\rcc.read.1u.tlog
c:\users\user\source\repos\mygame\mygame\x64\debug\mygame.tlog\rcc.write.1u.tlog
c:\users\user\source\repos\mygame\mygame\x64\debug\mygame.tlog\uic.read.1u.tlog
c:\users\user\source\repos\mygame\mygame\x64\debug\mygame.tlog\uic.write.1u.tlog
